This file contains any messages produced by compilers while
running configure, to aid debugging if configure makes a mistake.

It was created by confmod, which was
generated by GNU Autoconf 2.69.  Invocation command line was

  $ /home/piter/include/dcmtk-3.6.1_20131114/config/confmod --srcdir=. --enable-debug

## --------- ##
## Platform. ##
## --------- ##

hostname = ubuntuamd
uname -m = x86_64
uname -r = 3.5.0-51-generic
uname -s = Linux
uname -v = #76-Ubuntu SMP Thu May 15 21:19:10 UTC 2014

/usr/bin/uname -p = unknown
/bin/uname -X     = unknown

/bin/arch              = unknown
/usr/bin/arch -k       = unknown
/usr/convex/getsysinfo = unknown
/usr/bin/hostinfo      = unknown
/bin/machine           = unknown
/usr/bin/oslevel       = unknown
/bin/universe          = unknown

PATH: /home/piter/bin
PATH: /usr/lib/lightdm/lightdm
PATH: /usr/local/sbin
PATH: /usr/local/bin
PATH: /usr/sbin
PATH: /usr/bin
PATH: /sbin
PATH: /bin
PATH: /usr/games
PATH: /usr/local/games
PATH: /opt/Qt5.0.1/5.0.1/gcc_64/bin
PATH: /usr/local/cuda-5.0/bin
PATH: /opt/Qt5.0.1/5.0.1/gcc_64/bin
PATH: /usr/local/cuda-5.0/bin


## ----------- ##
## Core tests. ##
## ----------- ##

confmod:1720: checking whether make sets $(MAKE)
confmod:1742: result: yes
confmod:1911: creating ./config.status

## ---------------------- ##
## Running config.status. ##
## ---------------------- ##

This file was extended by config.status, which was
generated by GNU Autoconf 2.69.  Invocation command line was

  CONFIG_FILES    = 
  CONFIG_HEADERS  = 
  CONFIG_LINKS    = 
  CONFIG_COMMANDS = 
  $ ./config.status 

on ubuntuamd

config.status:714: creating ./include/Makefile
config.status:714: creating ./jni/Makefile
config.status:714: creating ./data/Makefile
config.status:714: creating ./apps/Makefile
config.status:714: creating ./docs/Makefile
config.status:714: creating ./tests/Makefile
config.status:714: creating ./libsrc/Makefile
config.status:714: creating ./etc/Makefile
config.status:714: creating ./Makefile

## ---------------- ##
## Cache variables. ##
## ---------------- ##

ac_cv_env_build_alias_set=
ac_cv_env_build_alias_value=
ac_cv_env_host_alias_set=
ac_cv_env_host_alias_value=
ac_cv_env_target_alias_set=
ac_cv_env_target_alias_value=
ac_cv_prog_make_make_set=yes

## ----------------- ##
## Output variables. ##
## ----------------- ##

DEFS='-DPACKAGE_NAME=\"\" -DPACKAGE_TARNAME=\"\" -DPACKAGE_VERSION=\"\" -DPACKAGE_STRING=\"\" -DPACKAGE_BUGREPORT=\"\" -DPACKAGE_URL=\"\"'
ECHO_C=''
ECHO_N='-n'
ECHO_T=''
LIBOBJS=''
LIBS=''
LTLIBOBJS=''
PACKAGE_BUGREPORT=''
PACKAGE_NAME=''
PACKAGE_STRING=''
PACKAGE_TARNAME=''
PACKAGE_URL=''
PACKAGE_VERSION=''
PATH_SEPARATOR=':'
SET_MAKE=''
SHELL='/bin/sh'
bindir='${exec_prefix}/bin'
build_alias=''
common_makefile='Makefile.def'
configdir='../config'
datadir='${datarootdir}/dcmtk'
datarootdir='${prefix}/share'
docdir='${datarootdir}/doc/dcmtk'
dvidir='${docdir}'
exec_prefix='${prefix}'
host_alias=''
htmldir='${docdir}/html'
includedir='${prefix}/include'
infodir='${datarootdir}/info'
libdir='${exec_prefix}/lib'
libexecdir='${exec_prefix}/libexec'
localedir='${datarootdir}/locale'
localstatedir='${prefix}/var'
mandir='${datarootdir}/man'
oldincludedir='/usr/include'
pdfdir='${docdir}'
prefix='/usr/local'
program_transform_name='s,x,x,'
psdir='${docdir}'
sbindir='${exec_prefix}/sbin'
sharedstatedir='${prefix}/com'
sysconfdir='${prefix}/etc/dcmtk'
target_alias=''

## ----------- ##
## confdefs.h. ##
## ----------- ##

/* confdefs.h */
#define PACKAGE_NAME ""
#define PACKAGE_TARNAME ""
#define PACKAGE_VERSION ""
#define PACKAGE_STRING ""
#define PACKAGE_BUGREPORT ""
#define PACKAGE_URL ""

confmod: exit 0
